#
# A fatal error has been detected by the Java Runtime Environment:
#
#  EXCEPTION_PRIV_INSTRUCTION (0xc0000096) at pc=0x000007fec71a37e0, pid=7084, tid=1076
#
# JRE version:  (16.0.2+7) (build )
# Java VM: OpenJDK 64-Bit Server VM (16.0.2+7-67, mixed mode, sharing, tiered, compressed oops, compressed class ptrs, g1 gc, windows-amd64)
# Problematic frame:
# V  [jvm.dll+0x6e37e0]
#
# No core dump will be written. Minidumps are not enabled by default on client versions of Windows
#
#

---------------  S U M M A R Y ------------

Command Line: -Dmaven.multiModuleProjectDirectory=C:\java\Mate academy\jv-oop -Dmaven.home=E:\Program Files\JetBrains\IntelliJ IDEA 2021.2.3\plugins\maven\lib\maven3 -Dclassworlds.conf=E:\Program Files\JetBrains\IntelliJ IDEA 2021.2.3\plugins\maven\lib\maven3\bin\m2.conf -Dmaven.ext.class.path=E:\Program Files\JetBrains\IntelliJ IDEA 2021.2.3\plugins\maven\lib\maven-event-listener.jar -javaagent:E:\Program Files\JetBrains\IntelliJ IDEA 2021.2.3\lib\idea_rt.jar=56689:E:\Program Files\JetBrains\IntelliJ IDEA 2021.2.3\bin -Dfile.encoding=UTF-8 org.codehaus.classworlds.Launcher -Didea.version=2021.2.4 clean

Host: AMD Phenom(tm) II X4 970 Processor, 4 cores, 5G,  Windows 7 , 64 bit Build 7601 (6.1.7601.24384)
Time: Wed Nov 23 07:41:39 2022 Финляндия (зима) elapsed time: 0.020864 seconds (0d 0h 0m 0s)

---------------  T H R E A D  ---------------

Current thread (0x00000000002b5850):  JavaThread "Unknown thread" [_thread_in_vm, id=1076, stack(0x0000000002160000,0x0000000002260000)]

Stack: [0x0000000002160000,0x0000000002260000],  sp=0x000000000225f008,  free space=1020k
Native frames: (J=compiled Java code, j=interpreted, Vv=VM code, C=native code)
V  [jvm.dll+0x6e37e0]
V  [jvm.dll+0x6dfed9]
V  [jvm.dll+0x6cf1e7]
V  [jvm.dll+0x3607b7]
V  [jvm.dll+0x77a3f0]
V  [jvm.dll+0x3e4e8f]
V  [jvm.dll+0x3e6961]
C  [jli.dll+0x52fb]
C  [ucrtbase.DLL+0x1d912]
C  [kernel32.dll+0x1570d]
C  [ntdll.dll+0x5385d]


siginfo: EXCEPTION_PRIV_INSTRUCTION (0xc0000096)


Registers:
RAX=0x000000000225f178, RBX=0x0000000000289d30, RCX=0x00000000002b5f80, RDX=0x0000000000000000
RSP=0x000000000225f008, RBP=0x000000000225f110, RSI=0x00000000002b5850, RDI=0x0000000000000000
R8 =0x000000000225f090, R9 =0x0000000000000000, R10=0x000007fec7597ce0, R11=0x000000000225efb0
R12=0x0000000000000000, R13=0x00000000002b5d70, R14=0x00000000002b5f80, R15=0x00000000002b48c0
RIP=0x000007fec71a37e0, EFLAGS=0x0000000000010246

Top of Stack: (sp=0x000000000225f008)
0x000000000225f008:   000007fec719fed9 0000000000289d30
0x000000000225f018:   00000000002b5850 00000000002b5850
0x000000000225f028:   000000000225f480 0000000000000000
0x000000000225f038:   000007fec71278c9 0000000100560038
0x000000000225f048:   0000000000249bc0 0000000000293440
0x000000000225f058:   0000000000000000 000000000225f708
0x000000000225f068:   000007fefd457b35 00000000002b3bd0
0x000000000225f078:   00000000002497d0 00000000002b3bd0
0x000000000225f088:   00000000002499c0 0000000000249bf0
0x000000000225f098:   000007fec70d2fd0 0000000000000008
0x000000000225f0a8:   0000000000000144 00000000002b3bd0
0x000000000225f0b8:   0000000000000000 00000000774c3128
0x000000000225f0c8:   0000000000000000 0000000000000010
0x000000000225f0d8:   0000000000240000 0000000000000000
0x000000000225f0e8:   0000000000000008 00000000002b5fb0
0x000000000225f0f8:   000007fec7190250 000007fec74024e8 

Instructions: (pc=0x000007fec71a37e0)
0x000007fec71a36e0:   7c 0e b4 4b ce 64 f2 17 36 36 ac 9d 27 ec 0a d4
0x000007fec71a36f0:   d5 fd 61 62 a8 a1 1c 43 b6 12 ac 6e bb c5 8a 28
0x000007fec71a3700:   68 a9 18 3d 01 a0 3e 38 35 aa e7 3c b3 0d 87 39
0x000007fec71a3710:   da c9 b9 e1 8b b0 8f e5 19 d9 ee 05 f4 c3 7f a7
0x000007fec71a3720:   f7 e5 a8 c9 da ab 98 89 d7 69 1b b5 84 00 4f 5d
0x000007fec71a3730:   66 e8 92 5a 34 6f ce 97 6e 3e b6 ca 11 c9 5e b3
0x000007fec71a3740:   a3 d5 f7 86 e2 da e3 f3 14 8b bb 03 1e 0e 1a 19
0x000007fec71a3750:   00 38 d9 74 34 4e 08 99 79 f6 cd 34 ca 10 a2 25
0x000007fec71a3760:   d6 22 cd a5 77 51 7e 00 ff 26 29 23 7f 08 ce 50
0x000007fec71a3770:   91 63 a1 fb 11 9e 77 d4 0d 40 c6 87 de 88 e1 dc
0x000007fec71a3780:   99 e8 4b 8c e8 ef 39 a6 c1 50 2a 94 15 27 3f 3b
0x000007fec71a3790:   88 27 48 bf 9a fb 94 ed 37 ed ac b7 6d 19 0a df
0x000007fec71a37a0:   59 06 76 a1 5f a4 d0 59 bd 81 15 83 8a 75 a6 4e
0x000007fec71a37b0:   c4 ea df f6 3f c3 98 f5 df 80 d0 aa 21 a8 95 7f
0x000007fec71a37c0:   37 21 df 11 6d eb fd 8d bc 7b d3 a7 d7 48 dd bb
0x000007fec71a37d0:   93 c8 34 a3 bd 31 6e cc 41 98 f4 b4 fb b5 2b 39
0x000007fec71a37e0:   fa 64 cc 93 c2 d3 23 cf 73 81 9b 7c 31 5b c4 4e
0x000007fec71a37f0:   6a b8 11 aa 14 a0 9a 8d 7b 84 8e b0 e6 48 8a 92
0x000007fec71a3800:   67 71 1e 6d 50 0a 39 60 55 76 58 24 0d 22 e7 ef
0x000007fec71a3810:   82 51 75 8c 04 31 ea d4 7a c4 d4 5b 02 da 4c ca
0x000007fec71a3820:   a1 b2 11 78 4e 87 0d b9 bd 2e 2c 36 b3 df dd 1e
0x000007fec71a3830:   4d fd 7f 4b 29 36 da 72 4e 55 57 9e 2a 1a ea 9c
0x000007fec71a3840:   11 59 88 89 1a 71 c6 d0 f7 ef 4f 49 a8 e9 77 de
0x000007fec71a3850:   ea c0 b4 c5 31 df dc 75 36 98 fe 53 7b c7 69 d6
0x000007fec71a3860:   ad 59 65 3c b2 66 fc 5c 5b d1 eb 10 38 14 6c e9
0x000007fec71a3870:   2b 7b 76 79 e2 03 35 2f 94 7c 8a ac 70 92 44 1d
0x000007fec71a3880:   ee 59 51 5f c6 f1 31 e1 58 81 d3 17 ac 07 16 56
0x000007fec71a3890:   c1 32 0b fc 49 fe ab 6b 15 fe e9 e7 08 d0 79 10
0x000007fec71a38a0:   f4 67 ca e9 d9 8c 24 9c 9f a6 33 a7 78 71 68 82
0x000007fec71a38b0:   39 b3 64 2a aa 91 d3 da b4 da 73 25 2e 32 1f 32
0x000007fec71a38c0:   48 1b 2f b5 ba 84 bb b8 e9 ba c6 37 a5 c7 2a 31
0x000007fec71a38d0:   cb 12 74 d3 1c 20 fc 01 95 36 37 c7 e6 42 6d 12 



---------------  P R O C E S S  ---------------

Threads class SMR info:
_java_thread_list=0x000007fec75ccbb8, length=0, elements={
}

Java Threads: ( => current thread )

Other Threads:
  0x00000000002ee950 GCTaskThread "GC Thread#0" [stack: 0x000000001c7f0000,0x000000001c8f0000] [id=1016]
  0x00000000002fb560 ConcurrentGCThread "G1 Main Marker" [stack: 0x000000001cac0000,0x000000001cbc0000] [id=6324]
  0x00000000002fc760 ConcurrentGCThread "G1 Conc#0" [stack: 0x000000001c960000,0x000000001ca60000] [id=256]
  0x000000000033f160 ConcurrentGCThread "G1 Refine#0" [stack: 0x000000001f2b0000,0x000000001f3b0000] [id=3168]
  0x000000000033fb70 ConcurrentGCThread "G1 Service" [stack: 0x000000001f4a0000,0x000000001f5a0000] [id=804]

=>0x00000000002b5850 (exited) JavaThread "Unknown thread" [_thread_in_vm, id=1076, stack(0x0000000002160000,0x0000000002260000)]

Threads with active compile tasks:

VM state: not at safepoint (not fully initialized)

VM Mutex/Monitor currently owned by a thread: None

Heap address: 0x00000000a8000000, size: 1408 MB, Compressed Oops mode: 32-bit

CDS archive(s) mapped at: [0x0000000800000000-0x0000000800bb0000-0x0000000800bb0000), size 12255232, SharedBaseAddress: 0x0000000800000000, ArchiveRelocationMode: 0.
Compressed class space mapped at: 0x0000000800c00000-0x0000000840c00000, reserved size: 1073741824
Narrow klass base: 0x0000000800000000, Narrow klass shift: 3, Narrow klass range: 0x100000000

GC Precious Log:
 CPUs: 4 total, 4 available
 Memory: 5628M
 Large Page Support: Disabled
 NUMA Support: Disabled
 Compressed Oops: Enabled (32-bit)
 Heap Region Size: 1M
 Heap Min Capacity: 8M
 Heap Initial Capacity: 88M
 Heap Max Capacity: 1408M
 Pre-touch: Disabled
 Parallel Workers: 4
 Concurrent Workers: 1
 Concurrent Refinement Workers: 4
 Periodic GC: Disabled

Heap:
 garbage-first heap   total 90112K, used 0K [0x00000000a8000000, 0x0000000100000000)
  region size 1024K, 0 young (0K), 0 survivors (0K)
 Metaspace       used 0K, committed 0K, reserved 1048576K
  class space    used 0K, committed 0K, reserved 1048576K

Heap Regions: E=young(eden), S=young(survivor), O=old, HS=humongous(starts), HC=humongous(continues), CS=collection set, F=free, OA=open archive, CA=closed archive, TAMS=top-at-mark-start (previous, next)
|   0|0x00000000a8000000, 0x00000000a8000000, 0x00000000a8100000|  0%| F|  |TAMS 0x00000000a8000000, 0x00000000a8000000| Untracked 
|   1|0x00000000a8100000, 0x00000000a8100000, 0x00000000a8200000|  0%| F|  |TAMS 0x00000000a8100000, 0x00000000a8100000| Untracked 
|   2|0x00000000a8200000, 0x00000000a8200000, 0x00000000a8300000|  0%| F|  |TAMS 0x00000000a8200000, 0x00000000a8200000| Untracked 
|   3|0x00000000a8300000, 0x00000000a8300000, 0x00000000a8400000|  0%| F|  |TAMS 0x00000000a8300000, 0x00000000a8300000| Untracked 
|   4|0x00000000a8400000, 0x00000000a8400000, 0x00000000a8500000|  0%| F|  |TAMS 0x00000000a8400000, 0x00000000a8400000| Untracked 
|   5|0x00000000a8500000, 0x00000000a8500000, 0x00000000a8600000|  0%| F|  |TAMS 0x00000000a8500000, 0x00000000a8500000| Untracked 
|   6|0x00000000a8600000, 0x00000000a8600000, 0x00000000a8700000|  0%| F|  |TAMS 0x00000000a8600000, 0x00000000a8600000| Untracked 
|   7|0x00000000a8700000, 0x00000000a8700000, 0x00000000a8800000|  0%| F|  |TAMS 0x00000000a8700000, 0x00000000a8700000| Untracked 
|   8|0x00000000a8800000, 0x00000000a8800000, 0x00000000a8900000|  0%| F|  |TAMS 0x00000000a8800000, 0x00000000a8800000| Untracked 
|   9|0x00000000a8900000, 0x00000000a8900000, 0x00000000a8a00000|  0%| F|  |TAMS 0x00000000a8900000, 0x00000000a8900000| Untracked 
|  10|0x00000000a8a00000, 0x00000000a8a00000, 0x00000000a8b00000|  0%| F|  |TAMS 0x00000000a8a00000, 0x00000000a8a00000| Untracked 
|  11|0x00000000a8b00000, 0x00000000a8b00000, 0x00000000a8c00000|  0%| F|  |TAMS 0x00000000a8b00000, 0x00000000a8b00000| Untracked 
|  12|0x00000000a8c00000, 0x00000000a8c00000, 0x00000000a8d00000|  0%| F|  |TAMS 0x00000000a8c00000, 0x00000000a8c00000| Untracked 
|  13|0x00000000a8d00000, 0x00000000a8d00000, 0x00000000a8e00000|  0%| F|  |TAMS 0x00000000a8d00000, 0x00000000a8d00000| Untracked 
|  14|0x00000000a8e00000, 0x00000000a8e00000, 0x00000000a8f00000|  0%| F|  |TAMS 0x00000000a8e00000, 0x00000000a8e00000| Untracked 
|  15|0x00000000a8f00000, 0x00000000a8f00000, 0x00000000a9000000|  0%| F|  |TAMS 0x00000000a8f00000, 0x00000000a8f00000| Untracked 
|  16|0x00000000a9000000, 0x00000000a9000000, 0x00000000a9100000|  0%| F|  |TAMS 0x00000000a9000000, 0x00000000a9000000| Untracked 
|  17|0x00000000a9100000, 0x00000000a9100000, 0x00000000a9200000|  0%| F|  |TAMS 0x00000000a9100000, 0x00000000a9100000| Untracked 
|  18|0x00000000a9200000, 0x00000000a9200000, 0x00000000a9300000|  0%| F|  |TAMS 0x00000000a9200000, 0x00000000a9200000| Untracked 
|  19|0x00000000a9300000, 0x00000000a9300000, 0x00000000a9400000|  0%| F|  |TAMS 0x00000000a9300000, 0x00000000a9300000| Untracked 
|  20|0x00000000a9400000, 0x00000000a9400000, 0x00000000a9500000|  0%| F|  |TAMS 0x00000000a9400000, 0x00000000a9400000| Untracked 
|  21|0x00000000a9500000, 0x00000000a9500000, 0x00000000a9600000|  0%| F|  |TAMS 0x00000000a9500000, 0x00000000a9500000| Untracked 
|  22|0x00000000a9600000, 0x00000000a9600000, 0x00000000a9700000|  0%| F|  |TAMS 0x00000000a9600000, 0x00000000a9600000| Untracked 
|  23|0x00000000a9700000, 0x00000000a9700000, 0x00000000a9800000|  0%| F|  |TAMS 0x00000000a9700000, 0x00000000a9700000| Untracked 
|  24|0x00000000a9800000, 0x00000000a9800000, 0x00000000a9900000|  0%| F|  |TAMS 0x00000000a9800000, 0x00000000a9800000| Untracked 
|  25|0x00000000a9900000, 0x00000000a9900000, 0x00000000a9a00000|  0%| F|  |TAMS 0x00000000a9900000, 0x00000000a9900000| Untracked 
|  26|0x00000000a9a00000, 0x00000000a9a00000, 0x00000000a9b00000|  0%| F|  |TAMS 0x00000000a9a00000, 0x00000000a9a00000| Untracked 
|  27|0x00000000a9b00000, 0x00000000a9b00000, 0x00000000a9c00000|  0%| F|  |TAMS 0x00000000a9b00000, 0x00000000a9b00000| Untracked 
|  28|0x00000000a9c00000, 0x00000000a9c00000, 0x00000000a9d00000|  0%| F|  |TAMS 0x00000000a9c00000, 0x00000000a9c00000| Untracked 
|  29|0x00000000a9d00000, 0x00000000a9d00000, 0x00000000a9e00000|  0%| F|  |TAMS 0x00000000a9d00000, 0x00000000a9d00000| Untracked 
|  30|0x00000000a9e00000, 0x00000000a9e00000, 0x00000000a9f00000|  0%| F|  |TAMS 0x00000000a9e00000, 0x00000000a9e00000| Untracked 
|  31|0x00000000a9f00000, 0x00000000a9f00000, 0x00000000aa000000|  0%| F|  |TAMS 0x00000000a9f00000, 0x00000000a9f00000| Untracked 
|  32|0x00000000aa000000, 0x00000000aa000000, 0x00000000aa100000|  0%| F|  |TAMS 0x00000000aa000000, 0x00000000aa000000| Untracked 
|  33|0x00000000aa100000, 0x00000000aa100000, 0x00000000aa200000|  0%| F|  |TAMS 0x00000000aa100000, 0x00000000aa100000| Untracked 
|  34|0x00000000aa200000, 0x00000000aa200000, 0x00000000aa300000|  0%| F|  |TAMS 0x00000000aa200000, 0x00000000aa200000| Untracked 
|  35|0x00000000aa300000, 0x00000000aa300000, 0x00000000aa400000|  0%| F|  |TAMS 0x00000000aa300000, 0x00000000aa300000| Untracked 
|  36|0x00000000aa400000, 0x00000000aa400000, 0x00000000aa500000|  0%| F|  |TAMS 0x00000000aa400000, 0x00000000aa400000| Untracked 
|  37|0x00000000aa500000, 0x00000000aa500000, 0x00000000aa600000|  0%| F|  |TAMS 0x00000000aa500000, 0x00000000aa500000| Untracked 
|  38|0x00000000aa600000, 0x00000000aa600000, 0x00000000aa700000|  0%| F|  |TAMS 0x00000000aa600000, 0x00000000aa600000| Untracked 
|  39|0x00000000aa700000, 0x00000000aa700000, 0x00000000aa800000|  0%| F|  |TAMS 0x00000000aa700000, 0x00000000aa700000| Untracked 
|  40|0x00000000aa800000, 0x00000000aa800000, 0x00000000aa900000|  0%| F|  |TAMS 0x00000000aa800000, 0x00000000aa800000| Untracked 
|  41|0x00000000aa900000, 0x00000000aa900000, 0x00000000aaa00000|  0%| F|  |TAMS 0x00000000aa900000, 0x00000000aa900000| Untracked 
|  42|0x00000000aaa00000, 0x00000000aaa00000, 0x00000000aab00000|  0%| F|  |TAMS 0x00000000aaa00000, 0x00000000aaa00000| Untracked 
|  43|0x00000000aab00000, 0x00000000aab00000, 0x00000000aac00000|  0%| F|  |TAMS 0x00000000aab00000, 0x00000000aab00000| Untracked 
|  44|0x00000000aac00000, 0x00000000aac00000, 0x00000000aad00000|  0%| F|  |TAMS 0x00000000aac00000, 0x00000000aac00000| Untracked 
|  45|0x00000000aad00000, 0x00000000aad00000, 0x00000000aae00000|  0%| F|  |TAMS 0x00000000aad00000, 0x00000000aad00000| Untracked 
|  46|0x00000000aae00000, 0x00000000aae00000, 0x00000000aaf00000|  0%| F|  |TAMS 0x00000000aae00000, 0x00000000aae00000| Untracked 
|  47|0x00000000aaf00000, 0x00000000aaf00000, 0x00000000ab000000|  0%| F|  |TAMS 0x00000000aaf00000, 0x00000000aaf00000| Untracked 
|  48|0x00000000ab000000, 0x00000000ab000000, 0x00000000ab100000|  0%| F|  |TAMS 0x00000000ab000000, 0x00000000ab000000| Untracked 
|  49|0x00000000ab100000, 0x00000000ab100000, 0x00000000ab200000|  0%| F|  |TAMS 0x00000000ab100000, 0x00000000ab100000| Untracked 
|  50|0x00000000ab200000, 0x00000000ab200000, 0x00000000ab300000|  0%| F|  |TAMS 0x00000000ab200000, 0x00000000ab200000| Untracked 
|  51|0x00000000ab300000, 0x00000000ab300000, 0x00000000ab400000|  0%| F|  |TAMS 0x00000000ab300000, 0x00000000ab300000| Untracked 
|  52|0x00000000ab400000, 0x00000000ab400000, 0x00000000ab500000|  0%| F|  |TAMS 0x00000000ab400000, 0x00000000ab400000| Untracked 
|  53|0x00000000ab500000, 0x00000000ab500000, 0x00000000ab600000|  0%| F|  |TAMS 0x00000000ab500000, 0x00000000ab500000| Untracked 
|  54|0x00000000ab600000, 0x00000000ab600000, 0x00000000ab700000|  0%| F|  |TAMS 0x00000000ab600000, 0x00000000ab600000| Untracked 
|  55|0x00000000ab700000, 0x00000000ab700000, 0x00000000ab800000|  0%| F|  |TAMS 0x00000000ab700000, 0x00000000ab700000| Untracked 
|  56|0x00000000ab800000, 0x00000000ab800000, 0x00000000ab900000|  0%| F|  |TAMS 0x00000000ab800000, 0x00000000ab800000| Untracked 
|  57|0x00000000ab900000, 0x00000000ab900000, 0x00000000aba00000|  0%| F|  |TAMS 0x00000000ab900000, 0x00000000ab900000| Untracked 
|  58|0x00000000aba00000, 0x00000000aba00000, 0x00000000abb00000|  0%| F|  |TAMS 0x00000000aba00000, 0x00000000aba00000| Untracked 
|  59|0x00000000abb00000, 0x00000000abb00000, 0x00000000abc00000|  0%| F|  |TAMS 0x00000000abb00000, 0x00000000abb00000| Untracked 
|  60|0x00000000abc00000, 0x00000000abc00000, 0x00000000abd00000|  0%| F|  |TAMS 0x00000000abc00000, 0x00000000abc00000| Untracked 
|  61|0x00000000abd00000, 0x00000000abd00000, 0x00000000abe00000|  0%| F|  |TAMS 0x00000000abd00000, 0x00000000abd00000| Untracked 
|  62|0x00000000abe00000, 0x00000000abe00000, 0x00000000abf00000|  0%| F|  |TAMS 0x00000000abe00000, 0x00000000abe00000| Untracked 
|  63|0x00000000abf00000, 0x00000000abf00000, 0x00000000ac000000|  0%| F|  |TAMS 0x00000000abf00000, 0x00000000abf00000| Untracked 
|  64|0x00000000ac000000, 0x00000000ac000000, 0x00000000ac100000|  0%| F|  |TAMS 0x00000000ac000000, 0x00000000ac000000| Untracked 
|  65|0x00000000ac100000, 0x00000000ac100000, 0x00000000ac200000|  0%| F|  |TAMS 0x00000000ac100000, 0x00000000ac100000| Untracked 
|  66|0x00000000ac200000, 0x00000000ac200000, 0x00000000ac300000|  0%| F|  |TAMS 0x00000000ac200000, 0x00000000ac200000| Untracked 
|  67|0x00000000ac300000, 0x00000000ac300000, 0x00000000ac400000|  0%| F|  |TAMS 0x00000000ac300000, 0x00000000ac300000| Untracked 
|  68|0x00000000ac400000, 0x00000000ac400000, 0x00000000ac500000|  0%| F|  |TAMS 0x00000000ac400000, 0x00000000ac400000| Untracked 
|  69|0x00000000ac500000, 0x00000000ac500000, 0x00000000ac600000|  0%| F|  |TAMS 0x00000000ac500000, 0x00000000ac500000| Untracked 
|  70|0x00000000ac600000, 0x00000000ac600000, 0x00000000ac700000|  0%| F|  |TAMS 0x00000000ac600000, 0x00000000ac600000| Untracked 
|  71|0x00000000ac700000, 0x00000000ac700000, 0x00000000ac800000|  0%| F|  |TAMS 0x00000000ac700000, 0x00000000ac700000| Untracked 
|  72|0x00000000ac800000, 0x00000000ac800000, 0x00000000ac900000|  0%| F|  |TAMS 0x00000000ac800000, 0x00000000ac800000| Untracked 
|  73|0x00000000ac900000, 0x00000000ac900000, 0x00000000aca00000|  0%| F|  |TAMS 0x00000000ac900000, 0x00000000ac900000| Untracked 
|  74|0x00000000aca00000, 0x00000000aca00000, 0x00000000acb00000|  0%| F|  |TAMS 0x00000000aca00000, 0x00000000aca00000| Untracked 
|  75|0x00000000acb00000, 0x00000000acb00000, 0x00000000acc00000|  0%| F|  |TAMS 0x00000000acb00000, 0x00000000acb00000| Untracked 
|  76|0x00000000acc00000, 0x00000000acc00000, 0x00000000acd00000|  0%| F|  |TAMS 0x00000000acc00000, 0x00000000acc00000| Untracked 
|  77|0x00000000acd00000, 0x00000000acd00000, 0x00000000ace00000|  0%| F|  |TAMS 0x00000000acd00000, 0x00000000acd00000| Untracked 
|  78|0x00000000ace00000, 0x00000000ace00000, 0x00000000acf00000|  0%| F|  |TAMS 0x00000000ace00000, 0x00000000ace00000| Untracked 
|  79|0x00000000acf00000, 0x00000000acf00000, 0x00000000ad000000|  0%| F|  |TAMS 0x00000000acf00000, 0x00000000acf00000| Untracked 
|  80|0x00000000ad000000, 0x00000000ad000000, 0x00000000ad100000|  0%| F|  |TAMS 0x00000000ad000000, 0x00000000ad000000| Untracked 
|  81|0x00000000ad100000, 0x00000000ad100000, 0x00000000ad200000|  0%| F|  |TAMS 0x00000000ad100000, 0x00000000ad100000| Untracked 
|  82|0x00000000ad200000, 0x00000000ad200000, 0x00000000ad300000|  0%| F|  |TAMS 0x00000000ad200000, 0x00000000ad200000| Untracked 
|  83|0x00000000ad300000, 0x00000000ad300000, 0x00000000ad400000|  0%| F|  |TAMS 0x00000000ad300000, 0x00000000ad300000| Untracked 
|  84|0x00000000ad400000, 0x00000000ad400000, 0x00000000ad500000|  0%| F|  |TAMS 0x00000000ad400000, 0x00000000ad400000| Untracked 
|  85|0x00000000ad500000, 0x00000000ad500000, 0x00000000ad600000|  0%| F|  |TAMS 0x00000000ad500000, 0x00000000ad500000| Untracked 
|  86|0x00000000ad600000, 0x00000000ad600000, 0x00000000ad700000|  0%| F|  |TAMS 0x00000000ad600000, 0x00000000ad600000| Untracked 
|  87|0x00000000ad700000, 0x00000000ad700000, 0x00000000ad800000|  0%| F|  |TAMS 0x00000000ad700000, 0x00000000ad700000| Untracked 

Card table byte_map: [0x00000000195f0000,0x00000000198b0000] _byte_map_base: 0x00000000190b0000

Marking Bits (Prev, Next): (CMBitMap*) 0x00000000002eef50, (CMBitMap*) 0x00000000002eef90
 Prev Bits: [0x0000000019b70000, 0x000000001b170000)
 Next Bits: [0x000000001b170000, 0x000000001c770000)

GC Heap History (0 events):
No events

Deoptimization events (0 events):
No events

Classes unloaded (0 events):
No events

Classes redefined (0 events):
No events

Internal exceptions (0 events):
No events

Events (1 events):
Event: 0.015 Loaded shared library E:\Users\LORA\.jdks\openjdk-16.0.2\bin\java.dll


Dynamic libraries:
0x000000013f020000 - 0x000000013f02e000 	E:\Users\LORA\.jdks\openjdk-16.0.2\bin\java.exe
0x00000000774c0000 - 0x000000007765f000 	E:\Windows\SYSTEM32\ntdll.dll
0x00000000772a0000 - 0x00000000773bf000 	E:\Windows\system32\kernel32.dll
0x000007fefd450000 - 0x000007fefd4ba000 	E:\Windows\system32\KERNELBASE.dll
0x000007fef06e0000 - 0x000007fef06f8000 	E:\Users\LORA\.jdks\openjdk-16.0.2\bin\jli.dll
0x000007fefbe40000 - 0x000007fefc034000 	E:\Windows\WinSxS\amd64_microsoft.windows.common-controls_6595b64144ccf1df_6.0.7601.18837_none_fa3b1e3d17594757\COMCTL32.dll
0x000007fefd7e0000 - 0x000007fefd87f000 	E:\Windows\system32\msvcrt.dll
0x000007fefef40000 - 0x000007fefefa7000 	E:\Windows\system32\GDI32.dll
0x00000000773c0000 - 0x00000000774ba000 	E:\Windows\system32\USER32.dll
0x000007fefebf0000 - 0x000007fefebfe000 	E:\Windows\system32\LPK.dll
0x000007fefedf0000 - 0x000007fefeeb9000 	E:\Windows\system32\USP10.dll
0x000007feff730000 - 0x000007feff7a1000 	E:\Windows\system32\SHLWAPI.dll
0x000007fef0fb0000 - 0x000007fef0fc9000 	E:\Users\LORA\.jdks\openjdk-16.0.2\bin\VCRUNTIME140.dll
0x000007fef0fa0000 - 0x000007fef0fa4000 	E:\Users\LORA\.jdks\openjdk-16.0.2\bin\api-ms-win-crt-runtime-l1-1-0.dll
0x000007feca860000 - 0x000007feca95a000 	E:\Users\LORA\.jdks\openjdk-16.0.2\bin\ucrtbase.DLL
0x000007fef21f0000 - 0x000007fef21f3000 	E:\Users\LORA\.jdks\openjdk-16.0.2\bin\api-ms-win-core-localization-l1-2-0.dll
0x000007fee4ca0000 - 0x000007fee4ca3000 	E:\Users\LORA\.jdks\openjdk-16.0.2\bin\api-ms-win-core-processthreads-l1-1-1.dll
0x000007fef06d0000 - 0x000007fef06d3000 	E:\Users\LORA\.jdks\openjdk-16.0.2\bin\api-ms-win-core-file-l1-2-0.dll
0x000007fee43e0000 - 0x000007fee43e3000 	E:\Users\LORA\.jdks\openjdk-16.0.2\bin\api-ms-win-core-timezone-l1-1-0.dll
0x000007fee4980000 - 0x000007fee4983000 	E:\Users\LORA\.jdks\openjdk-16.0.2\bin\api-ms-win-core-file-l2-1-0.dll
0x000007fee41b0000 - 0x000007fee41b3000 	E:\Users\LORA\.jdks\openjdk-16.0.2\bin\api-ms-win-core-synch-l1-2-0.dll
0x000007fee43d0000 - 0x000007fee43d3000 	E:\Users\LORA\.jdks\openjdk-16.0.2\bin\api-ms-win-crt-heap-l1-1-0.dll
0x000007fee3e20000 - 0x000007fee3e24000 	E:\Users\LORA\.jdks\openjdk-16.0.2\bin\api-ms-win-crt-string-l1-1-0.dll
0x000007fee3e30000 - 0x000007fee3e34000 	E:\Users\LORA\.jdks\openjdk-16.0.2\bin\api-ms-win-crt-stdio-l1-1-0.dll
0x000007fee3cc0000 - 0x000007fee3cc4000 	E:\Users\LORA\.jdks\openjdk-16.0.2\bin\api-ms-win-crt-convert-l1-1-0.dll
0x000007fee3e10000 - 0x000007fee3e13000 	E:\Users\LORA\.jdks\openjdk-16.0.2\bin\api-ms-win-crt-environment-l1-1-0.dll
0x000007fee34f0000 - 0x000007fee34f3000 	E:\Users\LORA\.jdks\openjdk-16.0.2\bin\api-ms-win-crt-filesystem-l1-1-0.dll
0x000007fee3cb0000 - 0x000007fee3cb5000 	E:\Users\LORA\.jdks\openjdk-16.0.2\bin\api-ms-win-crt-math-l1-1-0.dll
0x000007fee34d0000 - 0x000007fee34d3000 	E:\Users\LORA\.jdks\openjdk-16.0.2\bin\api-ms-win-crt-locale-l1-1-0.dll
0x000007fefd7b0000 - 0x000007fefd7de000 	E:\Windows\system32\IMM32.DLL
0x000007feff090000 - 0x000007feff199000 	E:\Windows\system32\MSCTF.dll
0x000007fee34e0000 - 0x000007fee34ec000 	E:\Users\LORA\.jdks\openjdk-16.0.2\bin\vcruntime140_1.dll
0x000007fee33a0000 - 0x000007fee3431000 	E:\Users\LORA\.jdks\openjdk-16.0.2\bin\msvcp140.dll
0x000007fee3390000 - 0x000007fee3393000 	E:\Users\LORA\.jdks\openjdk-16.0.2\bin\api-ms-win-crt-time-l1-1-0.dll
0x000007fee3380000 - 0x000007fee3383000 	E:\Users\LORA\.jdks\openjdk-16.0.2\bin\api-ms-win-crt-utility-l1-1-0.dll
0x000007fec6ac0000 - 0x000007fec766b000 	E:\Users\LORA\.jdks\openjdk-16.0.2\bin\server\jvm.dll
0x000007fefefb0000 - 0x000007feff08b000 	E:\Windows\system32\ADVAPI32.dll
0x000007fefeec0000 - 0x000007fefeedf000 	E:\Windows\SYSTEM32\sechost.dll
0x000007feff2c0000 - 0x000007feff3ec000 	E:\Windows\system32\RPCRT4.dll
0x000007fee7aa0000 - 0x000007fee7aa9000 	E:\Windows\system32\WSOCK32.dll
0x000007fefeef0000 - 0x000007fefef3d000 	E:\Windows\system32\WS2_32.dll
0x000007fefeee0000 - 0x000007fefeee8000 	E:\Windows\system32\NSI.dll
0x000007fef84f0000 - 0x000007fef852b000 	E:\Windows\system32\WINMM.dll
0x000007fefc500000 - 0x000007fefc50c000 	E:\Windows\system32\VERSION.dll
0x0000000077670000 - 0x0000000077677000 	E:\Windows\system32\PSAPI.DLL
0x000007fee3370000 - 0x000007fee337a000 	E:\Users\LORA\.jdks\openjdk-16.0.2\bin\jimage.dll
0x000007fef68b0000 - 0x000007fef69d5000 	E:\Windows\system32\DBGHELP.DLL
0x000007fee3360000 - 0x000007fee336e000 	E:\Users\LORA\.jdks\openjdk-16.0.2\bin\instrument.dll
0x000007fee2c40000 - 0x000007fee2c65000 	E:\Users\LORA\.jdks\openjdk-16.0.2\bin\java.dll

dbghelp: loaded successfully - version: 4.0.5 - missing functions: none
symbol engine: initialized successfully - sym options: 0x614 - pdb path: .;E:\Users\LORA\.jdks\openjdk-16.0.2\bin;E:\Windows\SYSTEM32;E:\Windows\WinSxS\amd64_microsoft.windows.common-controls_6595b64144ccf1df_6.0.7601.18837_none_fa3b1e3d17594757;E:\Users\LORA\.jdks\openjdk-16.0.2\bin\server

VM Arguments:
jvm_args: -Dmaven.multiModuleProjectDirectory=C:\java\Mate academy\jv-oop -Dmaven.home=E:\Program Files\JetBrains\IntelliJ IDEA 2021.2.3\plugins\maven\lib\maven3 -Dclassworlds.conf=E:\Program Files\JetBrains\IntelliJ IDEA 2021.2.3\plugins\maven\lib\maven3\bin\m2.conf -Dmaven.ext.class.path=E:\Program Files\JetBrains\IntelliJ IDEA 2021.2.3\plugins\maven\lib\maven-event-listener.jar -javaagent:E:\Program Files\JetBrains\IntelliJ IDEA 2021.2.3\lib\idea_rt.jar=56689:E:\Program Files\JetBrains\IntelliJ IDEA 2021.2.3\bin -Dfile.encoding=UTF-8 
java_command: org.codehaus.classworlds.Launcher -Didea.version=2021.2.4 clean
java_class_path (initial): E:\Program Files\JetBrains\IntelliJ IDEA 2021.2.3\plugins\maven\lib\maven3\boot\plexus-classworlds-2.6.0.jar;E:\Program Files\JetBrains\IntelliJ IDEA 2021.2.3\plugins\maven\lib\maven3\boot\plexus-classworlds.license
Launcher Type: SUN_STANDARD

[Global flags]
     intx CICompilerCount                          = 3                                         {product} {ergonomic}
     uint ConcGCThreads                            = 1                                         {product} {ergonomic}
     uint G1ConcRefinementThreads                  = 4                                         {product} {ergonomic}
   size_t G1HeapRegionSize                         = 1048576                                   {product} {ergonomic}
    uintx GCDrainStackTargetSize                   = 64                                        {product} {ergonomic}
   size_t InitialHeapSize                          = 92274688                                  {product} {ergonomic}
   size_t MarkStackSize                            = 4194304                                   {product} {ergonomic}
   size_t MaxHeapSize                              = 1476395008                                {product} {ergonomic}
   size_t MaxNewSize                               = 884998144                                 {product} {ergonomic}
   size_t MinHeapDeltaBytes                        = 1048576                                   {product} {ergonomic}
   size_t MinHeapSize                              = 8388608                                   {product} {ergonomic}
    uintx NonNMethodCodeHeapSize                   = 5832780                                {pd product} {ergonomic}
    uintx NonProfiledCodeHeapSize                  = 122912730                              {pd product} {ergonomic}
    uintx ProfiledCodeHeapSize                     = 122912730                              {pd product} {ergonomic}
    uintx ReservedCodeCacheSize                    = 251658240                              {pd product} {ergonomic}
     bool SegmentedCodeCache                       = true                                      {product} {ergonomic}
   size_t SoftMaxHeapSize                          = 1476395008                             {manageable} {ergonomic}
     bool UseCompressedClassPointers               = true                           {product lp64_product} {ergonomic}
     bool UseCompressedOops                        = true                           {product lp64_product} {ergonomic}
     bool UseG1GC                                  = true                                      {product} {ergonomic}
     bool UseLargePagesIndividualAllocation        = false                                  {pd product} {ergonomic}

Logging:
Log output configuration:
 #0: stdout all=warning uptime,level,tags
 #1: stderr all=off uptime,level,tags

Environment Variables:
JAVA_HOME=E:\Program Files\Java\jdk-15.0.1
PATH=E:\Program Files\Java\jdk-15.0.1\bin;E:\Program Files\Common Files\Oracle\Java\javapath;E:\Program Files\Git\cmd;E:\Windows\system32;E:\Windows;E:\Windows\System32\Wbem;E:\Windows\System32\WindowsPowerShell\v1.0\;C:\php7;E:\composer;E:\Program Files\MySQL\MySQL Server 5.5\bin;E:\Windows\system32\config\systemprofile\go\bin;E:\Go\;%IntelliJ IDEA Educational Edition%;E:\Program Files (x86)\ZeroTier\One\;E:\Users\LORA\AppData\Local\Programs\Microsoft VS Code\bin;E:\Users\LORA\AppData\Local\GitHubDesktop\bin;E:\Users\LORA\AppData\Roaming\Composer\vendor\bin;E:\Program Files\JetBrains\PyCharm Community Edition 2020.2.3\bin;;E:\Program Files\JetBrains\IntelliJ IDEA Community Edition 2020.2.3\bin;;E:\Go\bin;E:\Users\LORA\go\;E:\Program Files\JetBrains\IntelliJ IDEA Educational Edition 2021.1.3\bin;;E:\Program Files\sfdx\bin;E:\Program Files\JetBrains\IntelliJ IDEA 2021.2.3\bin;;E:\Program Files\heroku\bin
USERNAME=LORA
OS=Windows_NT
PROCESSOR_IDENTIFIER=AMD64 Family 16 Model 4 Stepping 3, AuthenticAMD



---------------  S Y S T E M  ---------------

OS:
 Windows 7 , 64 bit Build 7601 (6.1.7601.24384)
OS uptime: 0 days 1:48 hours

CPU: total 4 (initial active 4) (4 cores per cpu, 1 threads per core) family 16 model 4 stepping 3 microcode 0x0, cx8, cmov, fxsr, mmx, 3dnowpref, sse, sse2, sse3, sse4a, popcnt, lzcnt, tsc, tscinvbit, clflush

Memory: 4k page, system-wide physical 5628M (994M free)
TotalPageFile size 12115M (AvailPageFile size 990M)
current process WorkingSet (physical memory assigned to process): 12M, peak: 12M
current process commit charge ("private bytes"): 162M, peak: 162M

vm_info: OpenJDK 64-Bit Server VM (16.0.2+7-67) for windows-amd64 JRE (16.0.2+7-67), built on Jun  8 2021 23:21:43 by "mach5one" with MS VC++ 16.7 (VS2019)

END.
